2022-04-24 19:34:41,094 [main] INFO Test Lead Alam - ******** I am a chrome browser*********
2022-04-24 19:34:42,126 [main] INFO io.github.bonigarcia.wdm.WebDriverManager - Using chromedriver 100.0.4896.60 (resolved driver for Chrome 100)
2022-04-24 19:34:42,139 [main] INFO io.github.bonigarcia.wdm.WebDriverManager - Exporting webdriver.chrome.driver as C:\Users\User\.cache\selenium\chromedriver\win32\100.0.4896.60\chromedriver.exe
2022-04-24 22:51:17,500 [main] INFO Test Lead Alam - ******** I am a chrome browser*********
2022-04-24 22:51:18,318 [main] INFO io.github.bonigarcia.wdm.WebDriverManager - Using chromedriver 100.0.4896.60 (resolved driver for Chrome 100)
2022-04-24 22:51:18,358 [main] INFO io.github.bonigarcia.wdm.WebDriverManager - Exporting webdriver.chrome.driver as C:\Users\User\.cache\selenium\chromedriver\win32\100.0.4896.60\chromedriver.exe
2022-04-25 17:26:34,786 [main] INFO Test Lead Alam - ******** I am a chrome browser*********
2022-04-25 17:26:35,819 [main] INFO io.github.bonigarcia.wdm.WebDriverManager - Using chromedriver 100.0.4896.60 (resolved driver for Chrome 100)
2022-04-25 17:26:35,838 [main] INFO io.github.bonigarcia.wdm.WebDriverManager - Exporting webdriver.chrome.driver as C:\Users\User\.cache\selenium\chromedriver\win32\100.0.4896.60\chromedriver.exe
2022-04-25 17:31:50,048 [main] INFO Test Lead Alam - ******** I am a chrome browser*********
2022-04-25 17:31:50,337 [main] INFO io.github.bonigarcia.wdm.WebDriverManager - Using chromedriver 100.0.4896.60 (resolved driver for Chrome 100)
2022-04-25 17:31:50,350 [main] INFO io.github.bonigarcia.wdm.WebDriverManager - Exporting webdriver.chrome.driver as C:\Users\User\.cache\selenium\chromedriver\win32\100.0.4896.60\chromedriver.exe
2022-04-25 17:32:43,840 [main] INFO Test Lead Alam - ******** I am a chrome browser*********
2022-04-25 17:32:44,139 [main] INFO io.github.bonigarcia.wdm.WebDriverManager - Using chromedriver 100.0.4896.60 (resolved driver for Chrome 100)
2022-04-25 17:32:44,155 [main] INFO io.github.bonigarcia.wdm.WebDriverManager - Exporting webdriver.chrome.driver as C:\Users\User\.cache\selenium\chromedriver\win32\100.0.4896.60\chromedriver.exe
2022-04-25 17:58:09,464 [main] INFO Test Lead Alam - ******** I am a chrome browser*********
2022-04-25 17:58:09,759 [main] INFO io.github.bonigarcia.wdm.WebDriverManager - Using chromedriver 100.0.4896.60 (resolved driver for Chrome 100)
2022-04-25 17:58:09,773 [main] INFO io.github.bonigarcia.wdm.WebDriverManager - Exporting webdriver.chrome.driver as C:\Users\User\.cache\selenium\chromedriver\win32\100.0.4896.60\chromedriver.exe
2022-04-25 18:16:16,912 [main] INFO Test Lead Alam - ******** I am a chrome browser*********
2022-04-25 18:16:17,236 [main] INFO io.github.bonigarcia.wdm.WebDriverManager - Using chromedriver 100.0.4896.60 (resolved driver for Chrome 100)
2022-04-25 18:16:17,251 [main] INFO io.github.bonigarcia.wdm.WebDriverManager - Exporting webdriver.chrome.driver as C:\Users\User\.cache\selenium\chromedriver\win32\100.0.4896.60\chromedriver.exe
2022-04-25 18:54:58,824 [main] INFO Test Lead Alam - ******** I am a chrome browser*********
2022-04-25 18:54:59,741 [main] INFO io.github.bonigarcia.wdm.WebDriverManager - Using chromedriver 100.0.4896.60 (resolved driver for Chrome 100)
2022-04-25 18:54:59,755 [main] INFO io.github.bonigarcia.wdm.WebDriverManager - Exporting webdriver.chrome.driver as C:\Users\User\.cache\selenium\chromedriver\win32\100.0.4896.60\chromedriver.exe
2022-04-25 19:00:03,953 [main] INFO Test Lead Alam - ******** I am a chrome browser*********
2022-04-25 19:00:04,244 [main] INFO io.github.bonigarcia.wdm.WebDriverManager - Using chromedriver 100.0.4896.60 (resolved driver for Chrome 100)
2022-04-25 19:00:04,258 [main] INFO io.github.bonigarcia.wdm.WebDriverManager - Exporting webdriver.chrome.driver as C:\Users\User\.cache\selenium\chromedriver\win32\100.0.4896.60\chromedriver.exe
2022-04-25 19:00:24,026 [main] INFO Test Lead Alam - ******** I am a chrome browser*********
2022-04-25 19:00:24,323 [main] INFO io.github.bonigarcia.wdm.WebDriverManager - Using chromedriver 100.0.4896.60 (resolved driver for Chrome 100)
2022-04-25 19:00:24,339 [main] INFO io.github.bonigarcia.wdm.WebDriverManager - Exporting webdriver.chrome.driver as C:\Users\User\.cache\selenium\chromedriver\win32\100.0.4896.60\chromedriver.exe
2022-04-25 19:12:19,403 [main] INFO Test Lead Alam - ******** I am a chrome browser*********
2022-04-25 19:12:19,697 [main] INFO io.github.bonigarcia.wdm.WebDriverManager - Using chromedriver 100.0.4896.60 (resolved driver for Chrome 100)
2022-04-25 19:12:19,710 [main] INFO io.github.bonigarcia.wdm.WebDriverManager - Exporting webdriver.chrome.driver as C:\Users\User\.cache\selenium\chromedriver\win32\100.0.4896.60\chromedriver.exe
2022-04-25 19:18:00,009 [main] INFO Test Lead Alam - ******** I am a chrome browser*********
2022-04-25 19:18:00,303 [main] INFO io.github.bonigarcia.wdm.WebDriverManager - Using chromedriver 100.0.4896.60 (resolved driver for Chrome 100)
2022-04-25 19:18:00,318 [main] INFO io.github.bonigarcia.wdm.WebDriverManager - Exporting webdriver.chrome.driver as C:\Users\User\.cache\selenium\chromedriver\win32\100.0.4896.60\chromedriver.exe
2022-04-25 19:18:30,741 [main] INFO Test Lead Alam - ******** I am a chrome browser*********
2022-04-25 19:18:31,034 [main] INFO io.github.bonigarcia.wdm.WebDriverManager - Using chromedriver 100.0.4896.60 (resolved driver for Chrome 100)
2022-04-25 19:18:31,047 [main] INFO io.github.bonigarcia.wdm.WebDriverManager - Exporting webdriver.chrome.driver as C:\Users\User\.cache\selenium\chromedriver\win32\100.0.4896.60\chromedriver.exe
2022-04-25 19:18:53,763 [main] INFO Test Lead Alam - ******** I am a chrome browser*********
2022-04-25 19:18:54,055 [main] INFO io.github.bonigarcia.wdm.WebDriverManager - Using chromedriver 100.0.4896.60 (resolved driver for Chrome 100)
2022-04-25 19:18:54,070 [main] INFO io.github.bonigarcia.wdm.WebDriverManager - Exporting webdriver.chrome.driver as C:\Users\User\.cache\selenium\chromedriver\win32\100.0.4896.60\chromedriver.exe
2022-04-25 19:22:53,134 [main] INFO Test Lead Alam - ******** I am a chrome browser*********
2022-04-25 19:22:53,430 [main] INFO io.github.bonigarcia.wdm.WebDriverManager - Using chromedriver 100.0.4896.60 (resolved driver for Chrome 100)
2022-04-25 19:22:53,443 [main] INFO io.github.bonigarcia.wdm.WebDriverManager - Exporting webdriver.chrome.driver as C:\Users\User\.cache\selenium\chromedriver\win32\100.0.4896.60\chromedriver.exe
2022-04-25 19:28:54,993 [main] INFO Test Lead Alam - ******** I am a chrome browser*********
2022-04-25 19:28:55,289 [main] INFO io.github.bonigarcia.wdm.WebDriverManager - Using chromedriver 100.0.4896.60 (resolved driver for Chrome 100)
2022-04-25 19:28:55,303 [main] INFO io.github.bonigarcia.wdm.WebDriverManager - Exporting webdriver.chrome.driver as C:\Users\User\.cache\selenium\chromedriver\win32\100.0.4896.60\chromedriver.exe
2022-04-25 19:34:43,854 [main] INFO Test Lead Alam - ******** I am a chrome browser*********
2022-04-25 19:34:44,153 [main] INFO io.github.bonigarcia.wdm.WebDriverManager - Using chromedriver 100.0.4896.60 (resolved driver for Chrome 100)
2022-04-25 19:34:44,170 [main] INFO io.github.bonigarcia.wdm.WebDriverManager - Exporting webdriver.chrome.driver as C:\Users\User\.cache\selenium\chromedriver\win32\100.0.4896.60\chromedriver.exe
2022-04-25 19:36:29,810 [main] INFO Test Lead Alam - ******** I am a chrome browser*********
2022-04-25 19:36:30,097 [main] INFO io.github.bonigarcia.wdm.WebDriverManager - Using chromedriver 100.0.4896.60 (resolved driver for Chrome 100)
2022-04-25 19:36:30,109 [main] INFO io.github.bonigarcia.wdm.WebDriverManager - Exporting webdriver.chrome.driver as C:\Users\User\.cache\selenium\chromedriver\win32\100.0.4896.60\chromedriver.exe
2022-04-25 19:40:42,847 [main] INFO Test Lead Alam - ******** I am a chrome browser*********
2022-04-25 19:40:43,148 [main] INFO io.github.bonigarcia.wdm.WebDriverManager - Using chromedriver 100.0.4896.60 (resolved driver for Chrome 100)
2022-04-25 19:40:43,163 [main] INFO io.github.bonigarcia.wdm.WebDriverManager - Exporting webdriver.chrome.driver as C:\Users\User\.cache\selenium\chromedriver\win32\100.0.4896.60\chromedriver.exe
2022-04-25 19:43:35,834 [main] INFO Test Lead Alam - ******** I am a chrome browser*********
2022-04-25 19:43:36,133 [main] INFO io.github.bonigarcia.wdm.WebDriverManager - Using chromedriver 100.0.4896.60 (resolved driver for Chrome 100)
2022-04-25 19:43:36,147 [main] INFO io.github.bonigarcia.wdm.WebDriverManager - Exporting webdriver.chrome.driver as C:\Users\User\.cache\selenium\chromedriver\win32\100.0.4896.60\chromedriver.exe
2022-04-25 20:02:28,265 [main] INFO Test Lead Alam - >>>>>>>>>>>Started Automation<<<<<<<<<<<
2022-04-25 20:02:28,269 [main] INFO Test Lead Alam - ******** I am a chrome browser*********
2022-04-25 20:02:28,993 [main] INFO io.github.bonigarcia.wdm.WebDriverManager - Using chromedriver 100.0.4896.60 (resolved driver for Chrome 100)
2022-04-25 20:02:29,006 [main] INFO io.github.bonigarcia.wdm.WebDriverManager - Exporting webdriver.chrome.driver as C:\Users\User\.cache\selenium\chromedriver\win32\100.0.4896.60\chromedriver.exe
2022-04-25 20:02:32,472 [main] INFO Test Lead Alam - >>>>>>>>>>>User click on signBTN<<<<<<<<<<<
2022-04-25 20:02:34,152 [main] INFO Test Lead Alam - >>>>>>>>>>>User enter the usrName<<<<<<<<<<<
2022-04-25 20:02:34,276 [main] INFO Test Lead Alam - >>>>>>>>>>>User enter the password<<<<<<<<<<<
2022-04-25 20:02:34,382 [main] INFO Test Lead Alam - >>>>>>>>>>>User click on loginBTN<<<<<<<<<<<
2022-04-25 20:02:36,218 [main] INFO Test Lead Alam - >>>>>>>>>>>User able to mouse hovr on for sale button<<<<<<<<<<<
2022-04-25 20:02:36,417 [main] INFO Test Lead Alam - >>>>>>>>>>>User able to click on UK Properties for sale button<<<<<<<<<<<
2022-04-25 20:02:39,436 [main] INFO Test Lead Alam - >>>>>>>>>>>User able to enter the location<<<<<<<<<<<
2022-04-25 20:02:41,898 [main] INFO Test Lead Alam - >>>>>>>>>>>Started Automation<<<<<<<<<<<
2022-04-25 20:31:07,617 [main] INFO Test Lead Tawhid - >>>>>>>>>>>Started Automation<<<<<<<<<<<
2022-04-25 20:31:07,621 [main] INFO Test Lead Tawhid - ******** I am a chrome browser*********
2022-04-25 20:31:07,946 [main] INFO io.github.bonigarcia.wdm.WebDriverManager - Using chromedriver 100.0.4896.60 (resolved driver for Chrome 100)
2022-04-25 20:31:07,964 [main] INFO io.github.bonigarcia.wdm.WebDriverManager - Exporting webdriver.chrome.driver as C:\Users\User\.cache\selenium\chromedriver\win32\100.0.4896.60\chromedriver.exe
2022-04-25 20:31:11,653 [main] INFO Test Lead Tawhid - >>>>>>>>>>>User click on signBTN<<<<<<<<<<<
2022-04-25 20:31:13,425 [main] INFO Test Lead Tawhid - >>>>>>>>>>>User enter the usrName<<<<<<<<<<<
2022-04-25 20:31:13,536 [main] INFO Test Lead Tawhid - >>>>>>>>>>>User enter the password<<<<<<<<<<<
2022-04-25 20:31:13,641 [main] INFO Test Lead Tawhid - >>>>>>>>>>>User click on loginBTN<<<<<<<<<<<
2022-04-25 20:31:15,457 [main] INFO Test Lead Tawhid - >>>>>>>>>>>User able to mouse hovr on for sale button<<<<<<<<<<<
2022-04-25 20:31:15,621 [main] INFO Test Lead Tawhid - >>>>>>>>>>>User able to click on UK Properties for sale button<<<<<<<<<<<
2022-04-25 20:31:18,283 [main] INFO Test Lead Tawhid - >>>>>>>>>>>User able to enter the location<<<<<<<<<<<
2022-04-25 20:31:20,876 [main] INFO Test Lead Tawhid - >>>>>>>>>>>Started Automation<<<<<<<<<<<
2022-04-26 00:39:08,457 [main] INFO Test Lead Tawhid - >>>>>>>>>>>Started Automation<<<<<<<<<<<
2022-04-26 00:39:08,460 [main] INFO Test Lead Tawhid - ******** I am a chrome browser*********
2022-04-26 00:39:08,761 [main] INFO io.github.bonigarcia.wdm.WebDriverManager - Using chromedriver 100.0.4896.60 (resolved driver for Chrome 100)
2022-04-26 00:39:08,775 [main] INFO io.github.bonigarcia.wdm.WebDriverManager - Exporting webdriver.chrome.driver as C:\Users\User\.cache\selenium\chromedriver\win32\100.0.4896.60\chromedriver.exe
2022-04-26 00:39:12,145 [main] INFO Test Lead Tawhid - >>>>>>>>>>>User click on signBTN<<<<<<<<<<<
2022-04-26 00:39:13,866 [main] INFO Test Lead Tawhid - >>>>>>>>>>>User enter the usrName<<<<<<<<<<<
2022-04-26 00:39:13,993 [main] INFO Test Lead Tawhid - >>>>>>>>>>>User enter the password<<<<<<<<<<<
2022-04-26 00:39:14,093 [main] INFO Test Lead Tawhid - >>>>>>>>>>>User click on loginBTN<<<<<<<<<<<
2022-04-26 00:39:15,924 [main] INFO Test Lead Tawhid - >>>>>>>>>>>User able to mouse hovr on for sale button<<<<<<<<<<<
2022-04-26 00:39:16,095 [main] INFO Test Lead Tawhid - >>>>>>>>>>>User able to click on UK Properties for sale button<<<<<<<<<<<
2022-04-26 00:39:23,395 [main] INFO Test Lead Tawhid - >>>>>>>>>>>User able to enter the location<<<<<<<<<<<
2022-04-26 00:39:25,676 [main] INFO Test Lead Tawhid - >>>>>>>>>>>Started Automation<<<<<<<<<<<
2022-04-26 00:50:20,278 [main] INFO Test Lead Tawhid - >>>>>>>>>>>Started Automation<<<<<<<<<<<
2022-04-26 00:50:20,282 [main] INFO Test Lead Tawhid - ******** I am a chrome browser*********
2022-04-26 00:50:20,585 [main] INFO io.github.bonigarcia.wdm.WebDriverManager - Using chromedriver 100.0.4896.60 (resolved driver for Chrome 100)
2022-04-26 00:50:20,603 [main] INFO io.github.bonigarcia.wdm.WebDriverManager - Exporting webdriver.chrome.driver as C:\Users\User\.cache\selenium\chromedriver\win32\100.0.4896.60\chromedriver.exe
2022-04-26 00:50:24,323 [main] INFO Test Lead Tawhid - >>>>>>>>>>>User click on signBTN<<<<<<<<<<<
2022-04-26 00:50:26,267 [main] INFO Test Lead Tawhid - >>>>>>>>>>>User enter the usrName<<<<<<<<<<<
2022-04-26 00:50:26,383 [main] INFO Test Lead Tawhid - >>>>>>>>>>>User enter the password<<<<<<<<<<<
2022-04-26 00:50:26,502 [main] INFO Test Lead Tawhid - >>>>>>>>>>>User click on loginBTN<<<<<<<<<<<
2022-04-26 00:50:28,270 [main] INFO Test Lead Tawhid - >>>>>>>>>>>User able to mouse hovr on for sale button<<<<<<<<<<<
2022-04-26 00:50:28,455 [main] INFO Test Lead Tawhid - >>>>>>>>>>>User able to click on UK Properties for sale button<<<<<<<<<<<
2022-04-26 00:50:29,731 [main] INFO Test Lead Tawhid - >>>>>>>>>>>User able to enter the location<<<<<<<<<<<
2022-04-26 00:50:32,371 [main] INFO Test Lead Tawhid - >>>>>>>>>>>Started Automation<<<<<<<<<<<
2022-04-26 11:13:30,470 [main] INFO Test Lead Tawhid - >>>>>>>>>>>Started Automation<<<<<<<<<<<
2022-04-26 11:13:30,475 [main] INFO Test Lead Tawhid - ******** I am a chrome browser*********
2022-04-26 11:13:31,335 [main] INFO io.github.bonigarcia.wdm.WebDriverManager - Using chromedriver 100.0.4896.60 (resolved driver for Chrome 100)
2022-04-26 11:13:31,349 [main] INFO io.github.bonigarcia.wdm.WebDriverManager - Exporting webdriver.chrome.driver as C:\Users\User\.cache\selenium\chromedriver\win32\100.0.4896.60\chromedriver.exe
2022-04-26 11:13:35,908 [main] INFO Test Lead Tawhid - >>>>>>>>>>>User click on signBTN<<<<<<<<<<<
2022-04-26 11:13:37,394 [main] INFO Test Lead Tawhid - >>>>>>>>>>>User enter the usrName<<<<<<<<<<<
2022-04-26 11:13:37,536 [main] INFO Test Lead Tawhid - >>>>>>>>>>>User enter the password<<<<<<<<<<<
2022-04-26 11:13:37,664 [main] INFO Test Lead Tawhid - >>>>>>>>>>>User click on loginBTN<<<<<<<<<<<
2022-04-26 11:13:39,435 [main] INFO Test Lead Tawhid - >>>>>>>>>>>User able to mouse hovr on for sale button<<<<<<<<<<<
2022-04-26 11:13:39,609 [main] INFO Test Lead Tawhid - >>>>>>>>>>>User able to click on UK Properties for sale button<<<<<<<<<<<
2022-04-26 11:13:53,955 [main] INFO Test Lead Tawhid - >>>>>>>>>>>Started Automation<<<<<<<<<<<
2022-04-26 11:13:53,959 [main] INFO Test Lead Tawhid - ******** I am a chrome browser*********
2022-04-26 11:13:54,280 [main] INFO io.github.bonigarcia.wdm.WebDriverManager - Using chromedriver 100.0.4896.60 (resolved driver for Chrome 100)
2022-04-26 11:13:54,295 [main] INFO io.github.bonigarcia.wdm.WebDriverManager - Exporting webdriver.chrome.driver as C:\Users\User\.cache\selenium\chromedriver\win32\100.0.4896.60\chromedriver.exe
2022-04-26 11:13:57,892 [main] INFO Test Lead Tawhid - >>>>>>>>>>>User click on signBTN<<<<<<<<<<<
2022-04-26 11:13:59,649 [main] INFO Test Lead Tawhid - >>>>>>>>>>>User enter the usrName<<<<<<<<<<<
2022-04-26 11:13:59,778 [main] INFO Test Lead Tawhid - >>>>>>>>>>>User enter the password<<<<<<<<<<<
2022-04-26 11:13:59,896 [main] INFO Test Lead Tawhid - >>>>>>>>>>>User click on loginBTN<<<<<<<<<<<
2022-04-26 11:14:01,660 [main] INFO Test Lead Tawhid - >>>>>>>>>>>User able to mouse hovr on for sale button<<<<<<<<<<<
2022-04-26 11:14:01,833 [main] INFO Test Lead Tawhid - >>>>>>>>>>>User able to click on UK Properties for sale button<<<<<<<<<<<
2022-04-26 11:14:11,185 [main] INFO Test Lead Tawhid - >>>>>>>>>>>Started Automation<<<<<<<<<<<
2022-04-26 11:14:11,669 [main] INFO Test Lead Tawhid - >>>>>>>>>>>Started Automation<<<<<<<<<<<
2022-04-26 11:14:11,674 [main] INFO Test Lead Tawhid - ******** I am a chrome browser*********
2022-04-26 11:14:12,069 [main] INFO io.github.bonigarcia.wdm.WebDriverManager - Using chromedriver 100.0.4896.60 (resolved driver for Chrome 100)
2022-04-26 11:14:12,089 [main] INFO io.github.bonigarcia.wdm.WebDriverManager - Exporting webdriver.chrome.driver as C:\Users\User\.cache\selenium\chromedriver\win32\100.0.4896.60\chromedriver.exe
2022-04-26 11:14:15,710 [main] INFO Test Lead Tawhid - >>>>>>>>>>>User click on signBTN<<<<<<<<<<<
2022-04-26 11:14:17,253 [main] INFO Test Lead Tawhid - >>>>>>>>>>>User enter the usrName<<<<<<<<<<<
2022-04-26 11:14:17,384 [main] INFO Test Lead Tawhid - >>>>>>>>>>>User enter the password<<<<<<<<<<<
2022-04-26 11:14:17,493 [main] INFO Test Lead Tawhid - >>>>>>>>>>>User click on loginBTN<<<<<<<<<<<
2022-04-26 11:14:19,267 [main] INFO Test Lead Tawhid - >>>>>>>>>>>User able to mouse hovr on for sale button<<<<<<<<<<<
2022-04-26 11:14:19,441 [main] INFO Test Lead Tawhid - >>>>>>>>>>>User able to click on UK Properties for sale button<<<<<<<<<<<
2022-04-26 11:14:21,247 [main] INFO Test Lead Tawhid - >>>>>>>>>>>Started Automation<<<<<<<<<<<
2022-04-26 11:14:29,185 [main] INFO Test Lead Tawhid - >>>>>>>>>>>Started Automation<<<<<<<<<<<
2022-04-26 11:14:29,189 [main] INFO Test Lead Tawhid - ******** I am a chrome browser*********
2022-04-26 11:14:29,498 [main] INFO io.github.bonigarcia.wdm.WebDriverManager - Using chromedriver 100.0.4896.60 (resolved driver for Chrome 100)
2022-04-26 11:14:29,511 [main] INFO io.github.bonigarcia.wdm.WebDriverManager - Exporting webdriver.chrome.driver as C:\Users\User\.cache\selenium\chromedriver\win32\100.0.4896.60\chromedriver.exe
2022-04-26 11:14:33,086 [main] INFO Test Lead Tawhid - >>>>>>>>>>>User click on signBTN<<<<<<<<<<<
2022-04-26 11:14:34,703 [main] INFO Test Lead Tawhid - >>>>>>>>>>>User enter the usrName<<<<<<<<<<<
2022-04-26 11:14:34,827 [main] INFO Test Lead Tawhid - >>>>>>>>>>>User enter the password<<<<<<<<<<<
2022-04-26 11:14:34,944 [main] INFO Test Lead Tawhid - >>>>>>>>>>>User click on loginBTN<<<<<<<<<<<
2022-04-26 11:14:36,718 [main] INFO Test Lead Tawhid - >>>>>>>>>>>User able to mouse hovr on for sale button<<<<<<<<<<<
2022-04-26 11:14:36,892 [main] INFO Test Lead Tawhid - >>>>>>>>>>>User able to click on UK Properties for sale button<<<<<<<<<<<
2022-04-26 11:14:46,627 [main] INFO Test Lead Tawhid - >>>>>>>>>>>Started Automation<<<<<<<<<<<
2022-04-26 11:14:46,632 [main] INFO Test Lead Tawhid - ******** I am a chrome browser*********
2022-04-26 11:14:46,947 [main] INFO io.github.bonigarcia.wdm.WebDriverManager - Using chromedriver 100.0.4896.60 (resolved driver for Chrome 100)
2022-04-26 11:14:46,963 [main] INFO io.github.bonigarcia.wdm.WebDriverManager - Exporting webdriver.chrome.driver as C:\Users\User\.cache\selenium\chromedriver\win32\100.0.4896.60\chromedriver.exe
2022-04-26 11:14:50,757 [main] INFO Test Lead Tawhid - >>>>>>>>>>>Started Automation<<<<<<<<<<<
2022-04-26 11:14:50,783 [main] INFO Test Lead Tawhid - >>>>>>>>>>>User click on signBTN<<<<<<<<<<<
2022-04-26 11:14:52,858 [main] INFO Test Lead Tawhid - >>>>>>>>>>>User enter the usrName<<<<<<<<<<<
2022-04-26 11:14:53,024 [main] INFO Test Lead Tawhid - >>>>>>>>>>>User enter the password<<<<<<<<<<<
2022-04-26 11:14:53,129 [main] INFO Test Lead Tawhid - >>>>>>>>>>>User click on loginBTN<<<<<<<<<<<
2022-04-26 11:14:54,929 [main] INFO Test Lead Tawhid - >>>>>>>>>>>User able to mouse hovr on for sale button<<<<<<<<<<<
2022-04-26 11:14:55,098 [main] INFO Test Lead Tawhid - >>>>>>>>>>>User able to click on UK Properties for sale button<<<<<<<<<<<
2022-04-26 11:15:04,817 [main] INFO Test Lead Tawhid - >>>>>>>>>>>Started Automation<<<<<<<<<<<
2022-04-26 11:15:04,823 [main] INFO Test Lead Tawhid - ******** I am a chrome browser*********
2022-04-26 11:15:05,149 [main] INFO io.github.bonigarcia.wdm.WebDriverManager - Using chromedriver 100.0.4896.60 (resolved driver for Chrome 100)
2022-04-26 11:15:05,163 [main] INFO io.github.bonigarcia.wdm.WebDriverManager - Exporting webdriver.chrome.driver as C:\Users\User\.cache\selenium\chromedriver\win32\100.0.4896.60\chromedriver.exe
2022-04-26 11:15:08,173 [main] INFO Test Lead Tawhid - >>>>>>>>>>>Started Automation<<<<<<<<<<<
2022-04-26 11:15:08,705 [main] INFO Test Lead Tawhid - >>>>>>>>>>>User click on signBTN<<<<<<<<<<<
2022-04-26 11:15:10,216 [main] INFO Test Lead Tawhid - >>>>>>>>>>>User enter the usrName<<<<<<<<<<<
2022-04-26 11:15:10,337 [main] INFO Test Lead Tawhid - >>>>>>>>>>>User enter the password<<<<<<<<<<<
2022-04-26 11:15:10,443 [main] INFO Test Lead Tawhid - >>>>>>>>>>>User click on loginBTN<<<<<<<<<<<
2022-04-26 11:15:12,218 [main] INFO Test Lead Tawhid - >>>>>>>>>>>User able to mouse hovr on for sale button<<<<<<<<<<<
2022-04-26 11:15:12,387 [main] INFO Test Lead Tawhid - >>>>>>>>>>>User able to click on UK Properties for sale button<<<<<<<<<<<
2022-04-26 11:15:24,408 [main] INFO Test Lead Tawhid - >>>>>>>>>>>Started Automation<<<<<<<<<<<
2022-04-26 11:15:24,413 [main] INFO Test Lead Tawhid - ******** I am a chrome browser*********
2022-04-26 11:15:24,759 [main] INFO io.github.bonigarcia.wdm.WebDriverManager - Using chromedriver 100.0.4896.60 (resolved driver for Chrome 100)
2022-04-26 11:15:24,773 [main] INFO io.github.bonigarcia.wdm.WebDriverManager - Exporting webdriver.chrome.driver as C:\Users\User\.cache\selenium\chromedriver\win32\100.0.4896.60\chromedriver.exe
2022-04-26 11:15:26,359 [main] INFO Test Lead Tawhid - >>>>>>>>>>>Started Automation<<<<<<<<<<<
2022-04-26 11:15:28,271 [main] INFO Test Lead Tawhid - >>>>>>>>>>>User click on signBTN<<<<<<<<<<<
2022-04-26 11:15:29,990 [main] INFO Test Lead Tawhid - >>>>>>>>>>>User enter the usrName<<<<<<<<<<<
2022-04-26 11:15:30,121 [main] INFO Test Lead Tawhid - >>>>>>>>>>>User enter the password<<<<<<<<<<<
2022-04-26 11:15:30,234 [main] INFO Test Lead Tawhid - >>>>>>>>>>>User click on loginBTN<<<<<<<<<<<
2022-04-26 11:15:31,984 [main] INFO Test Lead Tawhid - >>>>>>>>>>>User able to mouse hovr on for sale button<<<<<<<<<<<
2022-04-26 11:15:32,157 [main] INFO Test Lead Tawhid - >>>>>>>>>>>User able to click on UK Properties for sale button<<<<<<<<<<<
2022-04-26 11:15:35,430 [main] INFO Test Lead Tawhid - >>>>>>>>>>>User able to enter the location<<<<<<<<<<<
2022-04-26 11:15:38,266 [main] INFO Test Lead Tawhid - >>>>>>>>>>>Started Automation<<<<<<<<<<<
2022-04-26 11:15:43,716 [main] INFO Test Lead Tawhid - >>>>>>>>>>>Started Automation<<<<<<<<<<<
2022-04-27 22:13:24,115 [main] INFO Test Lead Tawhid - >>>>>>>>>>>Started Automation<<<<<<<<<<<
2022-04-27 22:13:24,120 [main] INFO Test Lead Tawhid - ******** I am a chrome browser*********
2022-04-27 22:13:25,264 [main] INFO io.github.bonigarcia.wdm.WebDriverManager - Using chromedriver 100.0.4896.60 (resolved driver for Chrome 100)
2022-04-27 22:13:25,281 [main] INFO io.github.bonigarcia.wdm.WebDriverManager - Exporting webdriver.chrome.driver as C:\Users\User\.cache\selenium\chromedriver\win32\100.0.4896.60\chromedriver.exe
2022-04-27 22:13:51,492 [main] INFO Test Lead Tawhid - >>>>>>>>>>>Started Automation<<<<<<<<<<<
2022-04-27 22:24:05,911 [main] INFO Test Lead Tawhid - >>>>>>>>>>>Started Automation<<<<<<<<<<<
2022-04-27 22:24:05,915 [main] INFO Test Lead Tawhid - ******** I am a chrome browser*********
2022-04-27 22:24:06,207 [main] INFO io.github.bonigarcia.wdm.WebDriverManager - Using chromedriver 100.0.4896.60 (resolved driver for Chrome 100)
2022-04-27 22:24:06,222 [main] INFO io.github.bonigarcia.wdm.WebDriverManager - Exporting webdriver.chrome.driver as C:\Users\User\.cache\selenium\chromedriver\win32\100.0.4896.60\chromedriver.exe
2022-04-27 22:24:11,311 [main] INFO Test Lead Tawhid - >>>>>>>>>>>User click on signBTN<<<<<<<<<<<
2022-04-27 22:24:11,362 [main] INFO Test Lead Tawhid - >>>>>>>>>>>Started Automation<<<<<<<<<<<
2022-04-27 22:24:42,467 [main] INFO Test Lead Tawhid - >>>>>>>>>>>Started Automation<<<<<<<<<<<
2022-04-27 22:24:42,473 [main] INFO Test Lead Tawhid - ******** I am a chrome browser*********
2022-04-27 22:24:42,768 [main] INFO io.github.bonigarcia.wdm.WebDriverManager - Using chromedriver 100.0.4896.60 (resolved driver for Chrome 100)
2022-04-27 22:24:42,784 [main] INFO io.github.bonigarcia.wdm.WebDriverManager - Exporting webdriver.chrome.driver as C:\Users\User\.cache\selenium\chromedriver\win32\100.0.4896.60\chromedriver.exe
2022-04-27 22:24:47,901 [main] INFO Test Lead Tawhid - >>>>>>>>>>>User click on signBTN<<<<<<<<<<<
2022-04-27 22:24:47,930 [main] INFO Test Lead Tawhid - >>>>>>>>>>>Started Automation<<<<<<<<<<<
2022-04-27 22:25:52,259 [main] INFO Test Lead Tawhid - >>>>>>>>>>>Started Automation<<<<<<<<<<<
2022-04-27 22:25:52,262 [main] INFO Test Lead Tawhid - ******** I am a chrome browser*********
2022-04-27 22:25:52,543 [main] INFO io.github.bonigarcia.wdm.WebDriverManager - Using chromedriver 100.0.4896.60 (resolved driver for Chrome 100)
2022-04-27 22:25:52,558 [main] INFO io.github.bonigarcia.wdm.WebDriverManager - Exporting webdriver.chrome.driver as C:\Users\User\.cache\selenium\chromedriver\win32\100.0.4896.60\chromedriver.exe
2022-04-27 22:25:57,386 [main] INFO Test Lead Tawhid - >>>>>>>>>>>User click on signBTN<<<<<<<<<<<
2022-04-27 22:25:57,408 [main] INFO Test Lead Tawhid - >>>>>>>>>>>Started Automation<<<<<<<<<<<
2022-04-27 22:27:43,009 [main] INFO Test Lead Tawhid - >>>>>>>>>>>Started Automation<<<<<<<<<<<
2022-04-27 22:27:43,013 [main] INFO Test Lead Tawhid - ******** I am a chrome browser*********
2022-04-27 22:27:43,303 [main] INFO io.github.bonigarcia.wdm.WebDriverManager - Using chromedriver 100.0.4896.60 (resolved driver for Chrome 100)
2022-04-27 22:27:43,318 [main] INFO io.github.bonigarcia.wdm.WebDriverManager - Exporting webdriver.chrome.driver as C:\Users\User\.cache\selenium\chromedriver\win32\100.0.4896.60\chromedriver.exe
2022-04-27 22:27:49,518 [main] INFO Test Lead Tawhid - >>>>>>>>>>>User click on signBTN<<<<<<<<<<<
2022-04-27 22:27:49,540 [main] INFO Test Lead Tawhid - >>>>>>>>>>>Started Automation<<<<<<<<<<<
2022-04-27 22:32:08,903 [main] INFO Test Lead Tawhid - >>>>>>>>>>>Started Automation<<<<<<<<<<<
2022-04-27 22:32:08,907 [main] INFO Test Lead Tawhid - ******** I am a chrome browser*********
2022-04-27 22:32:09,189 [main] INFO io.github.bonigarcia.wdm.WebDriverManager - Using chromedriver 100.0.4896.60 (resolved driver for Chrome 100)
2022-04-27 22:32:09,204 [main] INFO io.github.bonigarcia.wdm.WebDriverManager - Exporting webdriver.chrome.driver as C:\Users\User\.cache\selenium\chromedriver\win32\100.0.4896.60\chromedriver.exe
2022-04-27 22:32:14,353 [main] INFO Test Lead Tawhid - >>>>>>>>>>>User click on signBTN<<<<<<<<<<<
2022-04-27 22:32:14,382 [main] INFO Test Lead Tawhid - >>>>>>>>>>>Started Automation<<<<<<<<<<<
2022-04-27 22:35:01,440 [main] INFO Test Lead Tawhid - >>>>>>>>>>>Started Automation<<<<<<<<<<<
2022-04-27 22:35:01,444 [main] INFO Test Lead Tawhid - ******** I am a chrome browser*********
2022-04-27 22:35:01,740 [main] INFO io.github.bonigarcia.wdm.WebDriverManager - Using chromedriver 100.0.4896.60 (resolved driver for Chrome 100)
2022-04-27 22:35:01,754 [main] INFO io.github.bonigarcia.wdm.WebDriverManager - Exporting webdriver.chrome.driver as C:\Users\User\.cache\selenium\chromedriver\win32\100.0.4896.60\chromedriver.exe
2022-04-27 22:35:07,251 [main] INFO Test Lead Tawhid - >>>>>>>>>>>Started Automation<<<<<<<<<<<
2022-04-27 22:36:21,912 [main] INFO Test Lead Tawhid - >>>>>>>>>>>Started Automation<<<<<<<<<<<
2022-04-27 22:36:21,916 [main] INFO Test Lead Tawhid - ******** I am a chrome browser*********
2022-04-27 22:36:22,212 [main] INFO io.github.bonigarcia.wdm.WebDriverManager - Using chromedriver 100.0.4896.60 (resolved driver for Chrome 100)
2022-04-27 22:36:22,226 [main] INFO io.github.bonigarcia.wdm.WebDriverManager - Exporting webdriver.chrome.driver as C:\Users\User\.cache\selenium\chromedriver\win32\100.0.4896.60\chromedriver.exe
2022-04-27 22:36:29,273 [main] INFO Test Lead Tawhid - >>>>>>>>>>>User able to mouse hovr on for sale button<<<<<<<<<<<
2022-04-27 22:36:29,450 [main] INFO Test Lead Tawhid - >>>>>>>>>>>User able to click on UK Properties for sale button<<<<<<<<<<<
2022-04-27 22:37:00,601 [main] INFO Test Lead Tawhid - >>>>>>>>>>>Started Automation<<<<<<<<<<<
2022-04-27 22:37:24,575 [main] INFO Test Lead Tawhid - >>>>>>>>>>>Started Automation<<<<<<<<<<<
2022-04-27 22:37:24,578 [main] INFO Test Lead Tawhid - ******** I am a chrome browser*********
2022-04-27 22:37:24,874 [main] INFO io.github.bonigarcia.wdm.WebDriverManager - Using chromedriver 100.0.4896.60 (resolved driver for Chrome 100)
2022-04-27 22:37:24,887 [main] INFO io.github.bonigarcia.wdm.WebDriverManager - Exporting webdriver.chrome.driver as C:\Users\User\.cache\selenium\chromedriver\win32\100.0.4896.60\chromedriver.exe
2022-04-27 22:37:29,010 [main] INFO Test Lead Tawhid - >>>>>>>>>>>User click on signBTN<<<<<<<<<<<
2022-04-27 22:37:30,615 [main] INFO Test Lead Tawhid - >>>>>>>>>>>User enter the usrName<<<<<<<<<<<
2022-04-27 22:37:30,729 [main] INFO Test Lead Tawhid - >>>>>>>>>>>User enter the password<<<<<<<<<<<
2022-04-27 22:37:30,839 [main] INFO Test Lead Tawhid - >>>>>>>>>>>User click on loginBTN<<<<<<<<<<<
2022-04-27 22:37:32,668 [main] INFO Test Lead Tawhid - >>>>>>>>>>>User able to mouse hovr on for sale button<<<<<<<<<<<
2022-04-27 22:37:32,843 [main] INFO Test Lead Tawhid - >>>>>>>>>>>User able to click on UK Properties for sale button<<<<<<<<<<<
2022-04-27 22:38:04,440 [main] INFO Test Lead Tawhid - >>>>>>>>>>>Started Automation<<<<<<<<<<<
2022-04-27 22:38:20,736 [main] INFO Test Lead Tawhid - >>>>>>>>>>>Started Automation<<<<<<<<<<<
2022-04-27 22:38:20,740 [main] INFO Test Lead Tawhid - ******** I am a chrome browser*********
2022-04-27 22:38:21,036 [main] INFO io.github.bonigarcia.wdm.WebDriverManager - Using chromedriver 100.0.4896.60 (resolved driver for Chrome 100)
2022-04-27 22:38:21,052 [main] INFO io.github.bonigarcia.wdm.WebDriverManager - Exporting webdriver.chrome.driver as C:\Users\User\.cache\selenium\chromedriver\win32\100.0.4896.60\chromedriver.exe
2022-04-27 22:38:24,564 [main] INFO Test Lead Tawhid - >>>>>>>>>>>User click on signBTN<<<<<<<<<<<
2022-04-27 22:38:25,889 [main] INFO Test Lead Tawhid - >>>>>>>>>>>User enter the usrName<<<<<<<<<<<
2022-04-27 22:38:26,005 [main] INFO Test Lead Tawhid - >>>>>>>>>>>User enter the password<<<<<<<<<<<
2022-04-27 22:38:26,104 [main] INFO Test Lead Tawhid - >>>>>>>>>>>User click on loginBTN<<<<<<<<<<<
2022-04-27 22:38:27,910 [main] INFO Test Lead Tawhid - >>>>>>>>>>>User able to mouse hovr on for sale button<<<<<<<<<<<
2022-04-27 22:38:28,081 [main] INFO Test Lead Tawhid - >>>>>>>>>>>User able to click on UK Properties for sale button<<<<<<<<<<<
2022-04-27 22:38:47,913 [main] INFO Test Lead Tawhid - >>>>>>>>>>>Started Automation<<<<<<<<<<<
2022-04-27 22:39:05,915 [main] INFO Test Lead Tawhid - >>>>>>>>>>>Started Automation<<<<<<<<<<<
2022-04-27 22:39:05,919 [main] INFO Test Lead Tawhid - ******** I am a chrome browser*********
2022-04-27 22:39:06,211 [main] INFO io.github.bonigarcia.wdm.WebDriverManager - Using chromedriver 100.0.4896.60 (resolved driver for Chrome 100)
2022-04-27 22:39:06,226 [main] INFO io.github.bonigarcia.wdm.WebDriverManager - Exporting webdriver.chrome.driver as C:\Users\User\.cache\selenium\chromedriver\win32\100.0.4896.60\chromedriver.exe
2022-04-27 22:39:09,498 [main] INFO Test Lead Tawhid - >>>>>>>>>>>User click on signBTN<<<<<<<<<<<
2022-04-27 22:39:10,991 [main] INFO Test Lead Tawhid - >>>>>>>>>>>User enter the usrName<<<<<<<<<<<
2022-04-27 22:39:11,103 [main] INFO Test Lead Tawhid - >>>>>>>>>>>User enter the password<<<<<<<<<<<
2022-04-27 22:39:11,199 [main] INFO Test Lead Tawhid - >>>>>>>>>>>User click on loginBTN<<<<<<<<<<<
2022-04-27 22:39:13,010 [main] INFO Test Lead Tawhid - >>>>>>>>>>>User able to mouse hovr on for sale button<<<<<<<<<<<
2022-04-27 22:39:13,186 [main] INFO Test Lead Tawhid - >>>>>>>>>>>User able to click on UK Properties for sale button<<<<<<<<<<<
2022-04-27 22:39:16,363 [main] INFO Test Lead Tawhid - >>>>>>>>>>>User able to enter the location<<<<<<<<<<<
2022-04-27 22:39:18,993 [main] INFO Test Lead Tawhid - >>>>>>>>>>>Started Automation<<<<<<<<<<<
2022-04-28 11:15:13,102 [main] INFO Test Lead Tawhid - >>>>>>>>>>>Started Automation<<<<<<<<<<<
2022-04-28 11:15:13,106 [main] INFO Test Lead Tawhid - ******** I am a chrome browser*********
2022-04-28 11:15:13,408 [main] INFO io.github.bonigarcia.wdm.WebDriverManager - Using chromedriver 100.0.4896.60 (resolved driver for Chrome 100)
2022-04-28 11:15:13,422 [main] INFO io.github.bonigarcia.wdm.WebDriverManager - Exporting webdriver.chrome.driver as C:\Users\User\.cache\selenium\chromedriver\win32\100.0.4896.60\chromedriver.exe
2022-04-28 11:15:17,808 [main] INFO Test Lead Tawhid - >>>>>>>>>>>User click on signBTN<<<<<<<<<<<
2022-04-28 11:15:19,674 [main] INFO Test Lead Tawhid - >>>>>>>>>>>User enter the usrName<<<<<<<<<<<
2022-04-28 11:15:19,792 [main] INFO Test Lead Tawhid - >>>>>>>>>>>User enter the password<<<<<<<<<<<
2022-04-28 11:15:19,906 [main] INFO Test Lead Tawhid - >>>>>>>>>>>User click on loginBTN<<<<<<<<<<<
2022-04-28 11:15:21,645 [main] INFO Test Lead Tawhid - >>>>>>>>>>>User able to mouse hovr on for sale button<<<<<<<<<<<
2022-04-28 11:15:21,817 [main] INFO Test Lead Tawhid - >>>>>>>>>>>User able to click on UK Properties for sale button<<<<<<<<<<<
2022-04-28 11:15:24,749 [main] INFO Test Lead Tawhid - >>>>>>>>>>>User able to enter the location<<<<<<<<<<<
2022-04-28 11:15:27,771 [main] INFO Test Lead Tawhid - >>>>>>>>>>>Started Automation<<<<<<<<<<<
2022-05-10 12:34:59,679 [main] INFO Test Lead Tawhid - >>>>>>>>>>>Started Automation<<<<<<<<<<<
2022-05-10 12:34:59,683 [main] INFO Test Lead Tawhid - ******** I am a chrome browser*********
2022-05-10 12:35:00,658 [main] INFO io.github.bonigarcia.wdm.WebDriverManager - Using chromedriver 101.0.4951.41 (resolved driver for Chrome 101)
2022-05-10 12:35:00,678 [main] INFO io.github.bonigarcia.wdm.WebDriverManager - Exporting webdriver.chrome.driver as C:\Users\User\.cache\selenium\chromedriver\win32\101.0.4951.41\chromedriver.exe
2022-05-10 12:35:05,149 [main] INFO Test Lead Tawhid - >>>>>>>>>>>User click on signBTN<<<<<<<<<<<
2022-05-10 12:35:06,718 [main] INFO Test Lead Tawhid - >>>>>>>>>>>User enter the usrName<<<<<<<<<<<
2022-05-10 12:35:06,840 [main] INFO Test Lead Tawhid - >>>>>>>>>>>User enter the password<<<<<<<<<<<
2022-05-10 12:35:06,946 [main] INFO Test Lead Tawhid - >>>>>>>>>>>User click on loginBTN<<<<<<<<<<<
2022-05-10 12:35:08,673 [main] INFO Test Lead Tawhid - >>>>>>>>>>>User able to mouse hovr on for sale button<<<<<<<<<<<
2022-05-10 12:35:08,837 [main] INFO Test Lead Tawhid - >>>>>>>>>>>User able to click on UK Properties for sale button<<<<<<<<<<<
2022-05-10 12:35:11,451 [main] INFO Test Lead Tawhid - >>>>>>>>>>>User able to enter the location<<<<<<<<<<<
2022-05-10 12:35:14,636 [main] INFO Test Lead Tawhid - >>>>>>>>>>>Started Automation<<<<<<<<<<<
2022-05-10 18:22:00,783 [main] INFO Test Lead Tawhid - >>>>>>>>>>>Started Automation<<<<<<<<<<<
2022-05-10 18:22:00,788 [main] INFO Test Lead Tawhid - ******** I am a chrome browser*********
2022-05-10 18:22:01,106 [main] INFO io.github.bonigarcia.wdm.WebDriverManager - Using chromedriver 101.0.4951.41 (resolved driver for Chrome 101)
2022-05-10 18:22:01,121 [main] INFO io.github.bonigarcia.wdm.WebDriverManager - Exporting webdriver.chrome.driver as C:\Users\User\.cache\selenium\chromedriver\win32\101.0.4951.41\chromedriver.exe
2022-05-10 18:22:04,664 [main] INFO Test Lead Tawhid - >>>>>>>>>>>User click on signBTN<<<<<<<<<<<
2022-05-10 18:22:06,426 [main] INFO Test Lead Tawhid - >>>>>>>>>>>User enter the usrName<<<<<<<<<<<
2022-05-10 18:22:06,541 [main] INFO Test Lead Tawhid - >>>>>>>>>>>User enter the password<<<<<<<<<<<
2022-05-10 18:22:06,664 [main] INFO Test Lead Tawhid - >>>>>>>>>>>User click on loginBTN<<<<<<<<<<<
2022-05-10 18:22:08,055 [main] INFO Test Lead Tawhid - >>>>>>>>>>>Started Automation<<<<<<<<<<<
2022-05-10 18:22:18,933 [main] INFO Test Lead Tawhid - >>>>>>>>>>>Started Automation<<<<<<<<<<<
2022-05-10 18:22:18,939 [main] INFO Test Lead Tawhid - ******** I am a chrome browser*********
2022-05-10 18:22:19,235 [main] INFO io.github.bonigarcia.wdm.WebDriverManager - Using chromedriver 101.0.4951.41 (resolved driver for Chrome 101)
2022-05-10 18:22:19,250 [main] INFO io.github.bonigarcia.wdm.WebDriverManager - Exporting webdriver.chrome.driver as C:\Users\User\.cache\selenium\chromedriver\win32\101.0.4951.41\chromedriver.exe
2022-05-10 18:22:22,714 [main] INFO Test Lead Tawhid - >>>>>>>>>>>User click on signBTN<<<<<<<<<<<
2022-05-10 18:22:24,030 [main] INFO Test Lead Tawhid - >>>>>>>>>>>User enter the usrName<<<<<<<<<<<
2022-05-10 18:22:24,138 [main] INFO Test Lead Tawhid - >>>>>>>>>>>User enter the password<<<<<<<<<<<
2022-05-10 18:22:24,245 [main] INFO Test Lead Tawhid - >>>>>>>>>>>User click on loginBTN<<<<<<<<<<<
2022-05-10 18:22:25,978 [main] INFO Test Lead Tawhid - >>>>>>>>>>>User able to mouse hovr on for sale button<<<<<<<<<<<
2022-05-10 18:22:26,149 [main] INFO Test Lead Tawhid - >>>>>>>>>>>User able to click on UK Properties for sale button<<<<<<<<<<<
2022-05-10 18:22:28,866 [main] INFO Test Lead Tawhid - >>>>>>>>>>>User able to enter the location<<<<<<<<<<<
2022-05-10 18:22:31,716 [main] INFO Test Lead Tawhid - >>>>>>>>>>>Started Automation<<<<<<<<<<<
2022-05-11 17:51:47,658 [main] INFO Test Lead Tawhid - >>>>>>>>>>>Started Automation<<<<<<<<<<<
2022-05-11 17:51:47,663 [main] INFO Test Lead Tawhid - ******** I am a chrome browser*********
2022-05-11 17:51:48,531 [main] INFO io.github.bonigarcia.wdm.WebDriverManager - Using chromedriver 101.0.4951.41 (resolved driver for Chrome 101)
2022-05-11 17:51:48,544 [main] INFO io.github.bonigarcia.wdm.WebDriverManager - Exporting webdriver.chrome.driver as C:\Users\User\.cache\selenium\chromedriver\win32\101.0.4951.41\chromedriver.exe
2022-05-11 17:51:52,962 [main] INFO Test Lead Tawhid - >>>>>>>>>>>User click on signBTN<<<<<<<<<<<
2022-05-11 17:51:54,480 [main] INFO Test Lead Tawhid - >>>>>>>>>>>User enter the usrName<<<<<<<<<<<
2022-05-11 17:51:54,593 [main] INFO Test Lead Tawhid - >>>>>>>>>>>User enter the password<<<<<<<<<<<
2022-05-11 17:51:54,705 [main] INFO Test Lead Tawhid - >>>>>>>>>>>User click on loginBTN<<<<<<<<<<<
2022-05-11 17:51:56,452 [main] INFO Test Lead Tawhid - >>>>>>>>>>>User able to mouse hovr on for sale button<<<<<<<<<<<
2022-05-11 17:51:56,620 [main] INFO Test Lead Tawhid - >>>>>>>>>>>User able to click on UK Properties for sale button<<<<<<<<<<<
2022-05-11 17:52:27,893 [main] INFO Test Lead Tawhid - >>>>>>>>>>>Started Automation<<<<<<<<<<<
2022-05-11 18:22:58,565 [main] INFO Test Lead Tawhid - >>>>>>>>>>>Started Automation<<<<<<<<<<<
2022-05-11 18:22:58,569 [main] INFO Test Lead Tawhid - ******** I am a chrome browser*********
2022-05-11 18:22:58,855 [main] INFO io.github.bonigarcia.wdm.WebDriverManager - Using chromedriver 101.0.4951.41 (resolved driver for Chrome 101)
2022-05-11 18:22:58,867 [main] INFO io.github.bonigarcia.wdm.WebDriverManager - Exporting webdriver.chrome.driver as C:\Users\User\.cache\selenium\chromedriver\win32\101.0.4951.41\chromedriver.exe
2022-05-11 18:23:02,334 [main] INFO Test Lead Tawhid - >>>>>>>>>>>User click on signBTN<<<<<<<<<<<
2022-05-11 18:23:03,636 [main] INFO Test Lead Tawhid - >>>>>>>>>>>User enter the usrName<<<<<<<<<<<
2022-05-11 18:23:03,750 [main] INFO Test Lead Tawhid - >>>>>>>>>>>User enter the password<<<<<<<<<<<
2022-05-11 18:23:03,853 [main] INFO Test Lead Tawhid - >>>>>>>>>>>User click on loginBTN<<<<<<<<<<<
2022-05-11 18:23:05,580 [main] INFO Test Lead Tawhid - >>>>>>>>>>>User able to mouse hovr on for sale button<<<<<<<<<<<
2022-05-11 18:23:05,749 [main] INFO Test Lead Tawhid - >>>>>>>>>>>User able to click on UK Properties for sale button<<<<<<<<<<<
2022-05-11 18:24:07,551 [main] INFO Test Lead Tawhid - >>>>>>>>>>>Started Automation<<<<<<<<<<<
2022-05-11 18:24:19,871 [main] INFO Test Lead Tawhid - >>>>>>>>>>>Started Automation<<<<<<<<<<<
2022-05-11 18:24:19,876 [main] INFO Test Lead Tawhid - ******** I am a chrome browser*********
2022-05-11 18:24:20,171 [main] INFO io.github.bonigarcia.wdm.WebDriverManager - Using chromedriver 101.0.4951.41 (resolved driver for Chrome 101)
2022-05-11 18:24:20,185 [main] INFO io.github.bonigarcia.wdm.WebDriverManager - Exporting webdriver.chrome.driver as C:\Users\User\.cache\selenium\chromedriver\win32\101.0.4951.41\chromedriver.exe
2022-05-11 18:24:23,696 [main] INFO Test Lead Tawhid - >>>>>>>>>>>User click on signBTN<<<<<<<<<<<
2022-05-11 18:24:24,981 [main] INFO Test Lead Tawhid - >>>>>>>>>>>User enter the usrName<<<<<<<<<<<
2022-05-11 18:24:25,096 [main] INFO Test Lead Tawhid - >>>>>>>>>>>User enter the password<<<<<<<<<<<
2022-05-11 18:24:25,194 [main] INFO Test Lead Tawhid - >>>>>>>>>>>User click on loginBTN<<<<<<<<<<<
2022-05-11 18:24:26,671 [main] INFO Test Lead Tawhid - >>>>>>>>>>>Started Automation<<<<<<<<<<<
2022-05-11 18:24:47,520 [main] INFO Test Lead Tawhid - >>>>>>>>>>>Started Automation<<<<<<<<<<<
2022-05-11 18:24:47,524 [main] INFO Test Lead Tawhid - ******** I am a chrome browser*********
2022-05-11 18:24:47,817 [main] INFO io.github.bonigarcia.wdm.WebDriverManager - Using chromedriver 101.0.4951.41 (resolved driver for Chrome 101)
2022-05-11 18:24:47,833 [main] INFO io.github.bonigarcia.wdm.WebDriverManager - Exporting webdriver.chrome.driver as C:\Users\User\.cache\selenium\chromedriver\win32\101.0.4951.41\chromedriver.exe
2022-05-11 18:24:51,045 [main] INFO Test Lead Tawhid - >>>>>>>>>>>User click on signBTN<<<<<<<<<<<
2022-05-11 18:24:52,454 [main] INFO Test Lead Tawhid - >>>>>>>>>>>User enter the usrName<<<<<<<<<<<
2022-05-11 18:24:52,563 [main] INFO Test Lead Tawhid - >>>>>>>>>>>User enter the password<<<<<<<<<<<
2022-05-11 18:24:52,668 [main] INFO Test Lead Tawhid - >>>>>>>>>>>User click on loginBTN<<<<<<<<<<<
2022-05-11 18:24:54,400 [main] INFO Test Lead Tawhid - >>>>>>>>>>>User able to mouse hovr on for sale button<<<<<<<<<<<
2022-05-11 18:24:54,575 [main] INFO Test Lead Tawhid - >>>>>>>>>>>User able to click on UK Properties for sale button<<<<<<<<<<<
2022-05-11 18:25:26,341 [main] INFO Test Lead Tawhid - >>>>>>>>>>>Started Automation<<<<<<<<<<<
2022-05-11 18:25:39,004 [main] INFO Test Lead Tawhid - >>>>>>>>>>>Started Automation<<<<<<<<<<<
2022-05-11 18:25:39,008 [main] INFO Test Lead Tawhid - ******** I am a chrome browser*********
2022-05-11 18:25:39,292 [main] INFO io.github.bonigarcia.wdm.WebDriverManager - Using chromedriver 101.0.4951.41 (resolved driver for Chrome 101)
2022-05-11 18:25:39,305 [main] INFO io.github.bonigarcia.wdm.WebDriverManager - Exporting webdriver.chrome.driver as C:\Users\User\.cache\selenium\chromedriver\win32\101.0.4951.41\chromedriver.exe
2022-05-11 18:25:42,699 [main] INFO Test Lead Tawhid - >>>>>>>>>>>User click on signBTN<<<<<<<<<<<
2022-05-11 18:25:44,082 [main] INFO Test Lead Tawhid - >>>>>>>>>>>User enter the usrName<<<<<<<<<<<
2022-05-11 18:25:44,203 [main] INFO Test Lead Tawhid - >>>>>>>>>>>User enter the password<<<<<<<<<<<
2022-05-11 18:25:44,301 [main] INFO Test Lead Tawhid - >>>>>>>>>>>User click on loginBTN<<<<<<<<<<<
2022-05-11 18:25:45,717 [main] INFO Test Lead Tawhid - >>>>>>>>>>>Started Automation<<<<<<<<<<<
2022-05-11 18:37:59,573 [main] INFO Test Lead Tawhid - >>>>>>>>>>>Started Automation<<<<<<<<<<<
2022-05-11 18:37:59,576 [main] INFO Test Lead Tawhid - ******** I am a chrome browser*********
2022-05-11 18:37:59,870 [main] INFO io.github.bonigarcia.wdm.WebDriverManager - Using chromedriver 101.0.4951.41 (resolved driver for Chrome 101)
2022-05-11 18:37:59,884 [main] INFO io.github.bonigarcia.wdm.WebDriverManager - Exporting webdriver.chrome.driver as C:\Users\User\.cache\selenium\chromedriver\win32\101.0.4951.41\chromedriver.exe
2022-05-11 18:38:03,136 [main] INFO Test Lead Tawhid - >>>>>>>>>>>User click on signBTN<<<<<<<<<<<
2022-05-11 18:38:04,653 [main] INFO Test Lead Tawhid - >>>>>>>>>>>User enter the usrName<<<<<<<<<<<
2022-05-11 18:38:04,763 [main] INFO Test Lead Tawhid - >>>>>>>>>>>User enter the password<<<<<<<<<<<
2022-05-11 18:38:04,860 [main] INFO Test Lead Tawhid - >>>>>>>>>>>User click on loginBTN<<<<<<<<<<<
2022-05-11 18:38:06,578 [main] INFO Test Lead Tawhid - >>>>>>>>>>>User able to mouse hovr on for sale button<<<<<<<<<<<
2022-05-11 18:38:06,761 [main] INFO Test Lead Tawhid - >>>>>>>>>>>User able to click on UK Properties for sale button<<<<<<<<<<<
2022-05-11 18:38:17,640 [main] INFO Test Lead Tawhid - >>>>>>>>>>>Started Automation<<<<<<<<<<<
2022-05-11 18:38:17,644 [main] INFO Test Lead Tawhid - ******** I am a chrome browser*********
2022-05-11 18:38:17,919 [main] INFO io.github.bonigarcia.wdm.WebDriverManager - Using chromedriver 101.0.4951.41 (resolved driver for Chrome 101)
2022-05-11 18:38:17,931 [main] INFO io.github.bonigarcia.wdm.WebDriverManager - Exporting webdriver.chrome.driver as C:\Users\User\.cache\selenium\chromedriver\win32\101.0.4951.41\chromedriver.exe
2022-05-11 18:38:21,382 [main] INFO Test Lead Tawhid - >>>>>>>>>>>User click on signBTN<<<<<<<<<<<
2022-05-11 18:38:23,119 [main] INFO Test Lead Tawhid - >>>>>>>>>>>User enter the usrName<<<<<<<<<<<
2022-05-11 18:38:23,248 [main] INFO Test Lead Tawhid - >>>>>>>>>>>User enter the password<<<<<<<<<<<
2022-05-11 18:38:23,352 [main] INFO Test Lead Tawhid - >>>>>>>>>>>User click on loginBTN<<<<<<<<<<<
2022-05-11 18:38:25,063 [main] INFO Test Lead Tawhid - >>>>>>>>>>>User able to mouse hovr on for sale button<<<<<<<<<<<
2022-05-11 18:38:25,243 [main] INFO Test Lead Tawhid - >>>>>>>>>>>User able to click on UK Properties for sale button<<<<<<<<<<<
2022-05-11 18:38:27,696 [main] INFO Test Lead Tawhid - >>>>>>>>>>>Started Automation<<<<<<<<<<<
2022-05-11 18:38:36,588 [main] INFO Test Lead Tawhid - >>>>>>>>>>>Started Automation<<<<<<<<<<<
2022-05-11 18:38:36,591 [main] INFO Test Lead Tawhid - ******** I am a chrome browser*********
2022-05-11 18:38:36,876 [main] INFO io.github.bonigarcia.wdm.WebDriverManager - Using chromedriver 101.0.4951.41 (resolved driver for Chrome 101)
2022-05-11 18:38:36,892 [main] INFO io.github.bonigarcia.wdm.WebDriverManager - Exporting webdriver.chrome.driver as C:\Users\User\.cache\selenium\chromedriver\win32\101.0.4951.41\chromedriver.exe
2022-05-11 18:38:40,384 [main] INFO Test Lead Tawhid - >>>>>>>>>>>User click on signBTN<<<<<<<<<<<
2022-05-11 18:38:42,019 [main] INFO Test Lead Tawhid - >>>>>>>>>>>User enter the usrName<<<<<<<<<<<
2022-05-11 18:38:42,145 [main] INFO Test Lead Tawhid - >>>>>>>>>>>User enter the password<<<<<<<<<<<
2022-05-11 18:38:42,254 [main] INFO Test Lead Tawhid - >>>>>>>>>>>User click on loginBTN<<<<<<<<<<<
2022-05-11 18:38:43,552 [main] INFO Test Lead Tawhid - >>>>>>>>>>>Started Automation<<<<<<<<<<<
2022-05-11 18:38:47,465 [main] INFO Test Lead Tawhid - >>>>>>>>>>>Started Automation<<<<<<<<<<<
2022-05-11 18:39:08,177 [main] INFO Test Lead Tawhid - >>>>>>>>>>>Started Automation<<<<<<<<<<<
2022-05-11 18:39:08,180 [main] INFO Test Lead Tawhid - ******** I am a chrome browser*********
2022-05-11 18:39:08,479 [main] INFO io.github.bonigarcia.wdm.WebDriverManager - Using chromedriver 101.0.4951.41 (resolved driver for Chrome 101)
2022-05-11 18:39:08,494 [main] INFO io.github.bonigarcia.wdm.WebDriverManager - Exporting webdriver.chrome.driver as C:\Users\User\.cache\selenium\chromedriver\win32\101.0.4951.41\chromedriver.exe
2022-05-11 18:39:11,695 [main] INFO Test Lead Tawhid - >>>>>>>>>>>User click on signBTN<<<<<<<<<<<
2022-05-11 18:39:13,308 [main] INFO Test Lead Tawhid - >>>>>>>>>>>User enter the usrName<<<<<<<<<<<
2022-05-11 18:39:13,426 [main] INFO Test Lead Tawhid - >>>>>>>>>>>User enter the password<<<<<<<<<<<
2022-05-11 18:39:13,535 [main] INFO Test Lead Tawhid - >>>>>>>>>>>User click on loginBTN<<<<<<<<<<<
2022-05-11 18:39:14,833 [main] INFO Test Lead Tawhid - >>>>>>>>>>>Started Automation<<<<<<<<<<<
2022-05-11 18:39:59,043 [main] INFO Test Lead Tawhid - >>>>>>>>>>>Started Automation<<<<<<<<<<<
2022-05-11 18:39:59,046 [main] INFO Test Lead Tawhid - ******** I am a chrome browser*********
2022-05-11 18:39:59,341 [main] INFO io.github.bonigarcia.wdm.WebDriverManager - Using chromedriver 101.0.4951.41 (resolved driver for Chrome 101)
2022-05-11 18:39:59,354 [main] INFO io.github.bonigarcia.wdm.WebDriverManager - Exporting webdriver.chrome.driver as C:\Users\User\.cache\selenium\chromedriver\win32\101.0.4951.41\chromedriver.exe
2022-05-11 18:40:02,834 [main] INFO Test Lead Tawhid - >>>>>>>>>>>User click on signBTN<<<<<<<<<<<
2022-05-11 18:40:04,199 [main] INFO Test Lead Tawhid - >>>>>>>>>>>User enter the usrName<<<<<<<<<<<
2022-05-11 18:40:04,327 [main] INFO Test Lead Tawhid - >>>>>>>>>>>User enter the password<<<<<<<<<<<
2022-05-11 18:40:04,432 [main] INFO Test Lead Tawhid - >>>>>>>>>>>User click on loginBTN<<<<<<<<<<<
2022-05-11 18:40:05,739 [main] INFO Test Lead Tawhid - >>>>>>>>>>>Started Automation<<<<<<<<<<<
2022-05-11 18:40:17,717 [main] INFO Test Lead Tawhid - >>>>>>>>>>>Started Automation<<<<<<<<<<<
2022-05-11 18:40:17,721 [main] INFO Test Lead Tawhid - ******** I am a chrome browser*********
2022-05-11 18:40:18,011 [main] INFO io.github.bonigarcia.wdm.WebDriverManager - Using chromedriver 101.0.4951.41 (resolved driver for Chrome 101)
2022-05-11 18:40:18,027 [main] INFO io.github.bonigarcia.wdm.WebDriverManager - Exporting webdriver.chrome.driver as C:\Users\User\.cache\selenium\chromedriver\win32\101.0.4951.41\chromedriver.exe
2022-05-11 18:40:21,382 [main] INFO Test Lead Tawhid - >>>>>>>>>>>User click on signBTN<<<<<<<<<<<
2022-05-11 18:40:22,650 [main] INFO Test Lead Tawhid - >>>>>>>>>>>User enter the usrName<<<<<<<<<<<
2022-05-11 18:40:22,760 [main] INFO Test Lead Tawhid - >>>>>>>>>>>User enter the password<<<<<<<<<<<
2022-05-11 18:40:22,868 [main] INFO Test Lead Tawhid - >>>>>>>>>>>User click on loginBTN<<<<<<<<<<<
2022-05-11 18:40:24,593 [main] INFO Test Lead Tawhid - >>>>>>>>>>>User able to mouse hovr on for sale button<<<<<<<<<<<
2022-05-11 18:40:24,771 [main] INFO Test Lead Tawhid - >>>>>>>>>>>User able to click on UK Properties for sale button<<<<<<<<<<<
2022-05-11 18:40:45,401 [main] INFO Test Lead Tawhid - >>>>>>>>>>>Started Automation<<<<<<<<<<<
2022-05-11 18:40:45,405 [main] INFO Test Lead Tawhid - ******** I am a chrome browser*********
2022-05-11 18:40:45,693 [main] INFO io.github.bonigarcia.wdm.WebDriverManager - Using chromedriver 101.0.4951.41 (resolved driver for Chrome 101)
2022-05-11 18:40:45,709 [main] INFO io.github.bonigarcia.wdm.WebDriverManager - Exporting webdriver.chrome.driver as C:\Users\User\.cache\selenium\chromedriver\win32\101.0.4951.41\chromedriver.exe
2022-05-11 18:40:49,129 [main] INFO Test Lead Tawhid - >>>>>>>>>>>User click on signBTN<<<<<<<<<<<
2022-05-11 18:40:50,448 [main] INFO Test Lead Tawhid - >>>>>>>>>>>User enter the usrName<<<<<<<<<<<
2022-05-11 18:40:50,465 [main] INFO Test Lead Tawhid - >>>>>>>>>>>Started Automation<<<<<<<<<<<
2022-05-11 18:40:50,599 [main] INFO Test Lead Tawhid - >>>>>>>>>>>User enter the password<<<<<<<<<<<
2022-05-11 18:40:50,749 [main] INFO Test Lead Tawhid - >>>>>>>>>>>User click on loginBTN<<<<<<<<<<<
2022-05-11 18:40:52,064 [main] INFO Test Lead Tawhid - >>>>>>>>>>>Started Automation<<<<<<<<<<<
2022-05-11 18:41:01,381 [main] INFO Test Lead Tawhid - >>>>>>>>>>>Started Automation<<<<<<<<<<<
2022-05-11 18:41:01,385 [main] INFO Test Lead Tawhid - ******** I am a chrome browser*********
2022-05-11 18:41:01,688 [main] INFO io.github.bonigarcia.wdm.WebDriverManager - Using chromedriver 101.0.4951.41 (resolved driver for Chrome 101)
2022-05-11 18:41:01,703 [main] INFO io.github.bonigarcia.wdm.WebDriverManager - Exporting webdriver.chrome.driver as C:\Users\User\.cache\selenium\chromedriver\win32\101.0.4951.41\chromedriver.exe
2022-05-11 18:41:05,338 [main] INFO Test Lead Tawhid - >>>>>>>>>>>User click on signBTN<<<<<<<<<<<
2022-05-11 18:41:06,608 [main] INFO Test Lead Tawhid - >>>>>>>>>>>User enter the usrName<<<<<<<<<<<
2022-05-11 18:41:06,717 [main] INFO Test Lead Tawhid - >>>>>>>>>>>User enter the password<<<<<<<<<<<
2022-05-11 18:41:06,819 [main] INFO Test Lead Tawhid - >>>>>>>>>>>User click on loginBTN<<<<<<<<<<<
2022-05-11 18:41:08,566 [main] INFO Test Lead Tawhid - >>>>>>>>>>>User able to mouse hovr on for sale button<<<<<<<<<<<
2022-05-11 18:41:08,749 [main] INFO Test Lead Tawhid - >>>>>>>>>>>User able to click on UK Properties for sale button<<<<<<<<<<<
2022-05-11 18:41:31,274 [main] INFO Test Lead Tawhid - >>>>>>>>>>>Started Automation<<<<<<<<<<<
2022-05-11 18:41:31,278 [main] INFO Test Lead Tawhid - ******** I am a chrome browser*********
2022-05-11 18:41:31,566 [main] INFO io.github.bonigarcia.wdm.WebDriverManager - Using chromedriver 101.0.4951.41 (resolved driver for Chrome 101)
2022-05-11 18:41:31,579 [main] INFO io.github.bonigarcia.wdm.WebDriverManager - Exporting webdriver.chrome.driver as C:\Users\User\.cache\selenium\chromedriver\win32\101.0.4951.41\chromedriver.exe
2022-05-11 18:41:35,074 [main] INFO Test Lead Tawhid - >>>>>>>>>>>User click on signBTN<<<<<<<<<<<
2022-05-11 18:41:36,374 [main] INFO Test Lead Tawhid - >>>>>>>>>>>User enter the usrName<<<<<<<<<<<
2022-05-11 18:41:36,485 [main] INFO Test Lead Tawhid - >>>>>>>>>>>User enter the password<<<<<<<<<<<
2022-05-11 18:41:36,595 [main] INFO Test Lead Tawhid - >>>>>>>>>>>User click on loginBTN<<<<<<<<<<<
2022-05-11 18:41:38,320 [main] INFO Test Lead Tawhid - >>>>>>>>>>>User able to mouse hovr on for sale button<<<<<<<<<<<
2022-05-11 18:41:38,501 [main] INFO Test Lead Tawhid - >>>>>>>>>>>User able to click on UK Properties for sale button<<<<<<<<<<<
2022-05-11 18:41:40,334 [main] INFO Test Lead Tawhid - >>>>>>>>>>>Started Automation<<<<<<<<<<<
2022-05-11 18:41:49,544 [main] INFO Test Lead Tawhid - >>>>>>>>>>>Started Automation<<<<<<<<<<<
2022-05-11 18:41:49,548 [main] INFO Test Lead Tawhid - ******** I am a chrome browser*********
2022-05-11 18:41:49,825 [main] INFO io.github.bonigarcia.wdm.WebDriverManager - Using chromedriver 101.0.4951.41 (resolved driver for Chrome 101)
2022-05-11 18:41:49,839 [main] INFO io.github.bonigarcia.wdm.WebDriverManager - Exporting webdriver.chrome.driver as C:\Users\User\.cache\selenium\chromedriver\win32\101.0.4951.41\chromedriver.exe
2022-05-11 18:41:53,380 [main] INFO Test Lead Tawhid - >>>>>>>>>>>User click on signBTN<<<<<<<<<<<
2022-05-11 18:41:55,165 [main] INFO Test Lead Tawhid - >>>>>>>>>>>User enter the usrName<<<<<<<<<<<
2022-05-11 18:41:55,273 [main] INFO Test Lead Tawhid - >>>>>>>>>>>User enter the password<<<<<<<<<<<
2022-05-11 18:41:55,375 [main] INFO Test Lead Tawhid - >>>>>>>>>>>User click on loginBTN<<<<<<<<<<<
2022-05-11 18:41:57,114 [main] INFO Test Lead Tawhid - >>>>>>>>>>>Started Automation<<<<<<<<<<<
2022-05-11 18:41:58,388 [main] INFO Test Lead Tawhid - >>>>>>>>>>>Started Automation<<<<<<<<<<<
2022-05-11 18:42:07,263 [main] INFO Test Lead Tawhid - >>>>>>>>>>>Started Automation<<<<<<<<<<<
2022-05-11 18:42:07,268 [main] INFO Test Lead Tawhid - ******** I am a chrome browser*********
2022-05-11 18:42:07,567 [main] INFO io.github.bonigarcia.wdm.WebDriverManager - Using chromedriver 101.0.4951.41 (resolved driver for Chrome 101)
2022-05-11 18:42:07,581 [main] INFO io.github.bonigarcia.wdm.WebDriverManager - Exporting webdriver.chrome.driver as C:\Users\User\.cache\selenium\chromedriver\win32\101.0.4951.41\chromedriver.exe
2022-05-11 18:42:10,998 [main] INFO Test Lead Tawhid - >>>>>>>>>>>User click on signBTN<<<<<<<<<<<
2022-05-11 18:42:12,438 [main] INFO Test Lead Tawhid - >>>>>>>>>>>User enter the usrName<<<<<<<<<<<
2022-05-11 18:42:12,558 [main] INFO Test Lead Tawhid - >>>>>>>>>>>User enter the password<<<<<<<<<<<
2022-05-11 18:42:12,669 [main] INFO Test Lead Tawhid - >>>>>>>>>>>User click on loginBTN<<<<<<<<<<<
2022-05-11 18:42:14,398 [main] INFO Test Lead Tawhid - >>>>>>>>>>>User able to mouse hovr on for sale button<<<<<<<<<<<
2022-05-11 18:42:14,593 [main] INFO Test Lead Tawhid - >>>>>>>>>>>User able to click on UK Properties for sale button<<<<<<<<<<<
2022-05-11 18:42:45,855 [main] INFO Test Lead Tawhid - >>>>>>>>>>>Started Automation<<<<<<<<<<<
2022-05-11 18:42:45,857 [main] INFO Test Lead Tawhid - >>>>>>>>>>>Started Automation<<<<<<<<<<<
2022-05-11 18:42:45,862 [main] INFO Test Lead Tawhid - ******** I am a chrome browser*********
2022-05-11 18:42:46,222 [main] INFO io.github.bonigarcia.wdm.WebDriverManager - Using chromedriver 101.0.4951.41 (resolved driver for Chrome 101)
2022-05-11 18:42:46,236 [main] INFO io.github.bonigarcia.wdm.WebDriverManager - Exporting webdriver.chrome.driver as C:\Users\User\.cache\selenium\chromedriver\win32\101.0.4951.41\chromedriver.exe
2022-05-11 18:42:49,585 [main] INFO Test Lead Tawhid - >>>>>>>>>>>User click on signBTN<<<<<<<<<<<
2022-05-11 18:42:51,441 [main] INFO Test Lead Tawhid - >>>>>>>>>>>User enter the usrName<<<<<<<<<<<
2022-05-11 18:42:51,554 [main] INFO Test Lead Tawhid - >>>>>>>>>>>User enter the password<<<<<<<<<<<
2022-05-11 18:42:51,661 [main] INFO Test Lead Tawhid - >>>>>>>>>>>User click on loginBTN<<<<<<<<<<<
2022-05-11 18:42:53,110 [main] INFO Test Lead Tawhid - >>>>>>>>>>>Started Automation<<<<<<<<<<<
2022-05-11 18:43:02,692 [main] INFO Test Lead Tawhid - >>>>>>>>>>>Started Automation<<<<<<<<<<<
2022-05-11 18:43:02,696 [main] INFO Test Lead Tawhid - ******** I am a chrome browser*********
2022-05-11 18:43:02,997 [main] INFO io.github.bonigarcia.wdm.WebDriverManager - Using chromedriver 101.0.4951.41 (resolved driver for Chrome 101)
2022-05-11 18:43:03,011 [main] INFO io.github.bonigarcia.wdm.WebDriverManager - Exporting webdriver.chrome.driver as C:\Users\User\.cache\selenium\chromedriver\win32\101.0.4951.41\chromedriver.exe
2022-05-11 18:43:06,622 [main] INFO Test Lead Tawhid - >>>>>>>>>>>User click on signBTN<<<<<<<<<<<
2022-05-11 18:43:07,873 [main] INFO Test Lead Tawhid - >>>>>>>>>>>User enter the usrName<<<<<<<<<<<
2022-05-11 18:43:07,989 [main] INFO Test Lead Tawhid - >>>>>>>>>>>User enter the password<<<<<<<<<<<
2022-05-11 18:43:08,095 [main] INFO Test Lead Tawhid - >>>>>>>>>>>User click on loginBTN<<<<<<<<<<<
2022-05-11 18:43:09,511 [main] INFO Test Lead Tawhid - >>>>>>>>>>>Started Automation<<<<<<<<<<<
2022-05-11 18:43:19,912 [main] INFO Test Lead Tawhid - >>>>>>>>>>>Started Automation<<<<<<<<<<<
2022-05-11 18:43:19,915 [main] INFO Test Lead Tawhid - ******** I am a chrome browser*********
2022-05-11 18:43:20,203 [main] INFO io.github.bonigarcia.wdm.WebDriverManager - Using chromedriver 101.0.4951.41 (resolved driver for Chrome 101)
2022-05-11 18:43:20,220 [main] INFO io.github.bonigarcia.wdm.WebDriverManager - Exporting webdriver.chrome.driver as C:\Users\User\.cache\selenium\chromedriver\win32\101.0.4951.41\chromedriver.exe
2022-05-11 18:43:23,697 [main] INFO Test Lead Tawhid - >>>>>>>>>>>User click on signBTN<<<<<<<<<<<
2022-05-11 18:43:24,890 [main] INFO Test Lead Tawhid - >>>>>>>>>>>User enter the usrName<<<<<<<<<<<
2022-05-11 18:43:25,007 [main] INFO Test Lead Tawhid - >>>>>>>>>>>User enter the password<<<<<<<<<<<
2022-05-11 18:43:25,108 [main] INFO Test Lead Tawhid - >>>>>>>>>>>User click on loginBTN<<<<<<<<<<<
2022-05-11 18:43:26,823 [main] INFO Test Lead Tawhid - >>>>>>>>>>>User able to mouse hovr on for sale button<<<<<<<<<<<
2022-05-11 18:43:27,006 [main] INFO Test Lead Tawhid - >>>>>>>>>>>User able to click on UK Properties for sale button<<<<<<<<<<<
2022-05-11 18:43:41,677 [main] INFO Test Lead Tawhid - >>>>>>>>>>>Started Automation<<<<<<<<<<<
2022-05-11 18:43:41,681 [main] INFO Test Lead Tawhid - ******** I am a chrome browser*********
2022-05-11 18:43:41,987 [main] INFO io.github.bonigarcia.wdm.WebDriverManager - Using chromedriver 101.0.4951.41 (resolved driver for Chrome 101)
2022-05-11 18:43:42,001 [main] INFO io.github.bonigarcia.wdm.WebDriverManager - Exporting webdriver.chrome.driver as C:\Users\User\.cache\selenium\chromedriver\win32\101.0.4951.41\chromedriver.exe
2022-05-11 18:43:45,258 [main] INFO Test Lead Tawhid - >>>>>>>>>>>User click on signBTN<<<<<<<<<<<
2022-05-11 18:43:46,974 [main] INFO Test Lead Tawhid - >>>>>>>>>>>User enter the usrName<<<<<<<<<<<
2022-05-11 18:43:47,085 [main] INFO Test Lead Tawhid - >>>>>>>>>>>User enter the password<<<<<<<<<<<
2022-05-11 18:43:47,183 [main] INFO Test Lead Tawhid - >>>>>>>>>>>User click on loginBTN<<<<<<<<<<<
2022-05-11 18:43:48,519 [main] INFO Test Lead Tawhid - >>>>>>>>>>>Started Automation<<<<<<<<<<<
2022-05-11 18:43:50,722 [main] INFO Test Lead Tawhid - >>>>>>>>>>>Started Automation<<<<<<<<<<<
2022-05-11 18:44:34,967 [main] INFO Test Lead Tawhid - >>>>>>>>>>>Started Automation<<<<<<<<<<<
2022-05-11 18:44:34,971 [main] INFO Test Lead Tawhid - ******** I am a chrome browser*********
2022-05-11 18:44:35,259 [main] INFO io.github.bonigarcia.wdm.WebDriverManager - Using chromedriver 101.0.4951.41 (resolved driver for Chrome 101)
2022-05-11 18:44:35,274 [main] INFO io.github.bonigarcia.wdm.WebDriverManager - Exporting webdriver.chrome.driver as C:\Users\User\.cache\selenium\chromedriver\win32\101.0.4951.41\chromedriver.exe
2022-05-11 18:44:38,635 [main] INFO Test Lead Tawhid - >>>>>>>>>>>User click on signBTN<<<<<<<<<<<
2022-05-11 18:44:40,315 [main] INFO Test Lead Tawhid - >>>>>>>>>>>User enter the usrName<<<<<<<<<<<
2022-05-11 18:44:40,431 [main] INFO Test Lead Tawhid - >>>>>>>>>>>User enter the password<<<<<<<<<<<
2022-05-11 18:44:40,537 [main] INFO Test Lead Tawhid - >>>>>>>>>>>User click on loginBTN<<<<<<<<<<<
2022-05-11 18:44:42,290 [main] INFO Test Lead Tawhid - >>>>>>>>>>>User able to mouse hovr on for sale button<<<<<<<<<<<
2022-05-11 18:44:42,461 [main] INFO Test Lead Tawhid - >>>>>>>>>>>User able to click on UK Properties for sale button<<<<<<<<<<<
2022-05-11 18:45:04,161 [main] INFO Test Lead Tawhid - >>>>>>>>>>>Started Automation<<<<<<<<<<<
2022-05-12 20:58:26,594 [main] INFO Test Lead Tawhid - >>>>>>>>>>>Started Automation<<<<<<<<<<<
2022-05-12 20:58:26,599 [main] INFO Test Lead Tawhid - ******** I am a chrome browser*********
2022-05-12 20:58:27,589 [main] INFO io.github.bonigarcia.wdm.WebDriverManager - Using chromedriver 101.0.4951.41 (resolved driver for Chrome 101)
2022-05-12 20:58:27,604 [main] INFO io.github.bonigarcia.wdm.WebDriverManager - Exporting webdriver.chrome.driver as C:\Users\User\.cache\selenium\chromedriver\win32\101.0.4951.41\chromedriver.exe
2022-05-12 20:58:32,182 [main] INFO Test Lead Tawhid - >>>>>>>>>>>User click on signBTN<<<<<<<<<<<
2022-05-12 20:58:34,220 [main] INFO Test Lead Tawhid - >>>>>>>>>>>User enter the usrName<<<<<<<<<<<
2022-05-12 20:58:34,351 [main] INFO Test Lead Tawhid - >>>>>>>>>>>User enter the password<<<<<<<<<<<
2022-05-12 20:58:34,466 [main] INFO Test Lead Tawhid - >>>>>>>>>>>User click on loginBTN<<<<<<<<<<<
2022-05-12 20:58:36,236 [main] INFO Test Lead Tawhid - >>>>>>>>>>>User able to mouse hovr on for sale button<<<<<<<<<<<
2022-05-12 20:58:36,405 [main] INFO Test Lead Tawhid - >>>>>>>>>>>User able to click on UK Properties for sale button<<<<<<<<<<<
2022-05-12 20:59:07,597 [main] INFO Test Lead Tawhid - >>>>>>>>>>>Started Automation<<<<<<<<<<<
2022-05-14 22:12:47,574 [main] INFO Test Lead Tawhid - >>>>>>>>>>>Started Automation<<<<<<<<<<<
2022-05-14 22:12:47,579 [main] INFO Test Lead Tawhid - ******** I am a chrome browser*********
2022-05-14 22:12:48,489 [main] INFO io.github.bonigarcia.wdm.WebDriverManager - Using chromedriver 101.0.4951.41 (resolved driver for Chrome 101)
2022-05-14 22:12:48,505 [main] INFO io.github.bonigarcia.wdm.WebDriverManager - Exporting webdriver.chrome.driver as C:\Users\User\.cache\selenium\chromedriver\win32\101.0.4951.41\chromedriver.exe
2022-05-14 22:12:53,337 [main] INFO Test Lead Tawhid - >>>>>>>>>>>User click on signBTN<<<<<<<<<<<
2022-05-14 22:12:54,973 [main] INFO Test Lead Tawhid - >>>>>>>>>>>User enter the usrName<<<<<<<<<<<
2022-05-14 22:12:55,108 [main] INFO Test Lead Tawhid - >>>>>>>>>>>User enter the password<<<<<<<<<<<
2022-05-14 22:12:55,221 [main] INFO Test Lead Tawhid - >>>>>>>>>>>User click on loginBTN<<<<<<<<<<<
2022-05-14 22:12:57,064 [main] INFO Test Lead Tawhid - >>>>>>>>>>>Started Automation<<<<<<<<<<<
2022-05-15 09:56:48,559 [main] INFO Test Lead Tawhid - >>>>>>>>>>>Started Automation<<<<<<<<<<<
2022-05-15 09:56:48,564 [main] INFO Test Lead Tawhid - ******** I am a chrome browser*********
2022-05-15 09:56:49,284 [main] INFO io.github.bonigarcia.wdm.WebDriverManager - Using chromedriver 101.0.4951.41 (resolved driver for Chrome 101)
2022-05-15 09:56:49,297 [main] INFO io.github.bonigarcia.wdm.WebDriverManager - Exporting webdriver.chrome.driver as C:\Users\User\.cache\selenium\chromedriver\win32\101.0.4951.41\chromedriver.exe
2022-05-15 09:56:54,395 [main] INFO Test Lead Tawhid - >>>>>>>>>>>User click on signBTN<<<<<<<<<<<
2022-05-15 09:56:55,771 [main] INFO Test Lead Tawhid - >>>>>>>>>>>User enter the usrName<<<<<<<<<<<
2022-05-15 09:56:55,882 [main] INFO Test Lead Tawhid - >>>>>>>>>>>User enter the password<<<<<<<<<<<
2022-05-15 09:56:55,982 [main] INFO Test Lead Tawhid - >>>>>>>>>>>User click on loginBTN<<<<<<<<<<<
2022-05-15 09:56:57,739 [main] INFO Test Lead Tawhid - >>>>>>>>>>>User able to mouse hovr on for sale button<<<<<<<<<<<
2022-05-15 09:56:57,907 [main] INFO Test Lead Tawhid - >>>>>>>>>>>User able to click on UK Properties for sale button<<<<<<<<<<<
2022-05-15 09:57:30,280 [main] INFO Test Lead Tawhid - >>>>>>>>>>>Started Automation<<<<<<<<<<<
2022-05-15 10:13:16,229 [main] INFO Test Lead Tawhid - >>>>>>>>>>>Started Automation<<<<<<<<<<<
2022-05-15 10:13:16,235 [main] INFO Test Lead Tawhid - ******** I am a chrome browser*********
2022-05-15 10:13:16,543 [main] INFO io.github.bonigarcia.wdm.WebDriverManager - Using chromedriver 101.0.4951.41 (resolved driver for Chrome 101)
2022-05-15 10:13:16,559 [main] INFO io.github.bonigarcia.wdm.WebDriverManager - Exporting webdriver.chrome.driver as C:\Users\User\.cache\selenium\chromedriver\win32\101.0.4951.41\chromedriver.exe
2022-05-15 10:13:20,358 [main] INFO Test Lead Tawhid - >>>>>>>>>>>User click on signBTN<<<<<<<<<<<
2022-05-15 10:13:22,228 [main] INFO Test Lead Tawhid - >>>>>>>>>>>User enter the usrName<<<<<<<<<<<
2022-05-15 10:13:22,362 [main] INFO Test Lead Tawhid - >>>>>>>>>>>User enter the password<<<<<<<<<<<
2022-05-15 10:13:22,477 [main] INFO Test Lead Tawhid - >>>>>>>>>>>User click on loginBTN<<<<<<<<<<<
2022-05-15 10:13:24,223 [main] INFO Test Lead Tawhid - >>>>>>>>>>>User able to mouse hovr on for sale button<<<<<<<<<<<
2022-05-15 10:13:24,401 [main] INFO Test Lead Tawhid - >>>>>>>>>>>User able to click on UK Properties for sale button<<<<<<<<<<<
2022-05-15 10:14:26,342 [main] INFO Test Lead Tawhid - >>>>>>>>>>>Started Automation<<<<<<<<<<<
